-------------------------------------------------------------------------------
Test set: br.edu.ifsc.testes.CompraTest
-------------------------------------------------------------------------------
Tests run: 1, Failures: 1, Errors: 0, Skipped: 0, Time elapsed: 0.045 s <<< FAILURE! - in br.edu.ifsc.testes.CompraTest
freteGratisTest  Time elapsed: 0.04 s  <<< FAILURE!
org.opentest4j.AssertionFailedError: expected: <true> but was: <false>
	at br.edu.ifsc.testes.CompraTest.freteGratisTest(CompraTest.java:27)

